[Thu Sep 22 16:39:46 2016] INFO: Opened log file uWebKit.log
[Thu Sep 22 16:39:46 2016] INFO: Created 3 worker threads
[Thu Sep 22 16:39:46 2016] INFO: Initialized engine
[Thu Sep 22 16:39:46 2016] INFO: uWebKit Plugin Initializing
[Thu Sep 22 16:39:46 2016] INFO: Launching Broker C:/Users/Gautam/Documents/Viewer/Assets/uWebKit/Internal/Editor/Binaries/Windows/x86_64/UWKProcess/UWKProcess.exe 
[Thu Sep 22 16:39:46 2016] INFO: Graphics Device Version: Direct3D 11.0 [level 11.0]
[Thu Sep 22 16:39:46 2016] INFO: uWebKit Beta Expired: Loading http://www.uwebkit.com
[Thu Sep 22 16:39:46 2016] INFO: IPCWorkerStarted
[Thu Sep 22 16:39:47 2016] INFO: IPC INFO(1) : [Thu Sep 22 16:39:47 2016] INFO: WebViewJS: JQMIGRATE: Migrate is installed, version 1.4.1 (http://uwebkit.com/wp-includes/js/jquery/jquery-migrate.min.js?ver=1.4.1:2)
[Thu Sep 22 16:39:49 2016] INFO: uWebKit Beta Expired: Loading http://www.uwebkit.com
[Thu Sep 22 16:39:49 2016] INFO: IPC INFO(1) : [Thu Sep 22 16:39:49 2016] INFO: WebViewJS: JQMIGRATE: Migrate is installed, version 1.4.1 (http://uwebkit.com/wp-includes/js/jquery/jquery-migrate.min.js?ver=1.4.1:2)
[Thu Sep 22 16:39:50 2016] INFO: uWebKit Beta Expired: Loading http://www.uwebkit.com
[Thu Sep 22 16:39:51 2016] INFO: IPC INFO(1) : [Thu Sep 22 16:39:51 2016] INFO: WebViewJS: JQMIGRATE: Migrate is installed, version 1.4.1 (http://uwebkit.com/wp-includes/js/jquery/jquery-migrate.min.js?ver=1.4.1:2)
[Thu Sep 22 16:39:52 2016] INFO: uWebKit Beta Expired: Loading http://www.uwebkit.com
[Thu Sep 22 16:39:53 2016] INFO: IPC INFO(1) : [Thu Sep 22 16:39:53 2016] INFO: WebViewJS: JQMIGRATE: Migrate is installed, version 1.4.1 (http://uwebkit.com/wp-includes/js/jquery/jquery-migrate.min.js?ver=1.4.1:2)
[Thu Sep 22 16:40:01 2016] INFO: uWebKit Beta Expired: Loading http://www.uwebkit.com
[Thu Sep 22 16:40:01 2016] INFO: IPC INFO(1) : [Thu Sep 22 16:40:01 2016] INFO: WebViewJS: JQMIGRATE: Migrate is installed, version 1.4.1 (http://uwebkit.com/wp-includes/js/jquery/jquery-migrate.min.js?ver=1.4.1:2)
[Thu Sep 22 16:40:04 2016] INFO: uWebKit Beta Expired: Loading http://www.uwebkit.com
[Thu Sep 22 16:40:05 2016] INFO: IPC INFO(1) : [Thu Sep 22 16:40:05 2016] INFO: WebViewJS: JQMIGRATE: Migrate is installed, version 1.4.1 (http://uwebkit.com/wp-includes/js/jquery/jquery-migrate.min.js?ver=1.4.1:2)
[Thu Sep 22 16:40:05 2016] INFO: uWebKit Beta Expired: Loading http://www.uwebkit.com
[Thu Sep 22 16:40:05 2016] INFO: IPC INFO(1) : [Thu Sep 22 16:40:05 2016] INFO: WebViewJS: JQMIGRATE: Migrate is installed, version 1.4.1 (http://uwebkit.com/wp-includes/js/jquery/jquery-migrate.min.js?ver=1.4.1:2)
[Thu Sep 22 16:40:09 2016] INFO: uWebKit Beta Expired: Loading http://www.uwebkit.com
[Thu Sep 22 16:40:09 2016] INFO: uWebKit Beta Expired: Loading http://www.uwebkit.com
[Thu Sep 22 16:40:09 2016] INFO: uWebKit Beta Expired: Loading http://www.uwebkit.com
[Thu Sep 22 16:40:09 2016] INFO: uWebKit Beta Expired: Loading http://www.uwebkit.com
[Thu Sep 22 16:40:09 2016] INFO: uWebKit Beta Expired: Loading http://www.uwebkit.com
[Thu Sep 22 16:40:10 2016] INFO: IPC INFO(1) : [Thu Sep 22 16:40:10 2016] INFO: WebViewJS: JQMIGRATE: Migrate is installed, version 1.4.1 (http://uwebkit.com/wp-includes/js/jquery/jquery-migrate.min.js?ver=1.4.1:2)
